# JRE version: Java(TM) SE Runtime Environment (14.0+36) (build 14+36-1461)
# Java VM: Java HotSpot(TM) 64-Bit Server VM (14+36-1461, mixed mode, sharing, tiered, compressed oops, g1 gc, windows-amd64)
Heap:
 garbage-first heap   total 129024K, used 88278K [0x0000000082e00000, 0x0000000100000000)
  region size 1024K, 69 young (70656K), 4 survivors (4096K)
 Metaspace       used 18076K, capacity 18696K, committed 18944K, reserved 1067008K
  class space    used 2005K, capacity 2230K, committed 2304K, reserved 1048576K
GC Heap History (12 events):
Event: 2.386 GC heap before
{Heap before GC invocations=0 (full 0):
 garbage-first heap   total 129024K, used 13312K [0x0000000082e00000, 0x0000000100000000)
  region size 1024K, 13 young (13312K), 0 survivors (0K)
 Metaspace       used 3885K, capacity 6268K, committed 6400K, reserved 1056768K
  class space    used 396K, capacity 647K, committed 768K, reserved 1048576K
}
Event: 2.399 GC heap after
{Heap after GC invocations=1 (full 0):
 garbage-first heap   total 129024K, used 3479K [0x0000000082e00000, 0x0000000100000000)
  region size 1024K, 2 young (2048K), 2 survivors (2048K)
 Metaspace       used 3885K, capacity 6268K, committed 6400K, reserved 1056768K
  class space    used 396K, capacity 647K, committed 768K, reserved 1048576K
}
Event: 2.715 GC heap before
{Heap before GC invocations=1 (full 0):
 garbage-first heap   total 129024K, used 16791K [0x0000000082e00000, 0x0000000100000000)
  region size 1024K, 15 young (15360K), 2 survivors (2048K)
 Metaspace       used 6148K, capacity 7967K, committed 8192K, reserved 1056768K
  class space    used 714K, capacity 915K, committed 1024K, reserved 1048576K
}
Event: 2.719 GC heap after
{Heap after GC invocations=2 (full 0):
 garbage-first heap   total 129024K, used 4193K [0x0000000082e00000, 0x0000000100000000)
  region size 1024K, 1 young (1024K), 1 survivors (1024K)
 Metaspace       used 6148K, capacity 7967K, committed 8192K, reserved 1056768K
  class space    used 714K, capacity 915K, committed 1024K, reserved 1048576K
}
Event: 3.183 GC heap before
{Heap before GC invocations=2 (full 0):
 garbage-first heap   total 129024K, used 32865K [0x0000000082e00000, 0x0000000100000000)
  region size 1024K, 29 young (29696K), 1 survivors (1024K)
 Metaspace       used 9729K, capacity 11284K, committed 11392K, reserved 1058816K
  class space    used 1173K, capacity 1377K, committed 1408K, reserved 1048576K
}
Event: 3.187 GC heap after
{Heap after GC invocations=3 (full 0):
 garbage-first heap   total 129024K, used 5314K [0x0000000082e00000, 0x0000000100000000)
  region size 1024K, 2 young (2048K), 2 survivors (2048K)
 Metaspace       used 9729K, capacity 11284K, committed 11392K, reserved 1058816K
  class space    used 1173K, capacity 1377K, committed 1408K, reserved 1048576K
}
Event: 5.189 GC heap before
{Heap before GC invocations=3 (full 0):
 garbage-first heap   total 129024K, used 80066K [0x0000000082e00000, 0x0000000100000000)
  region size 1024K, 75 young (76800K), 2 survivors (2048K)
 Metaspace       used 13869K, capacity 14847K, committed 15104K, reserved 1062912K
  class space    used 1602K, capacity 1781K, committed 1792K, reserved 1048576K
}
Event: 5.207 GC heap after
{Heap after GC invocations=4 (full 0):
 garbage-first heap   total 129024K, used 13175K [0x0000000082e00000, 0x0000000100000000)
  region size 1024K, 10 young (10240K), 10 survivors (10240K)
 Metaspace       used 13869K, capacity 14847K, committed 15104K, reserved 1062912K
  class space    used 1602K, capacity 1781K, committed 1792K, reserved 1048576K
}
Event: 6.628 GC heap before
{Heap before GC invocations=4 (full 0):
 garbage-first heap   total 129024K, used 79735K [0x0000000082e00000, 0x0000000100000000)
  region size 1024K, 75 young (76800K), 10 survivors (10240K)
 Metaspace       used 14348K, capacity 15205K, committed 15360K, reserved 1062912K
  class space    used 1610K, capacity 1792K, committed 1792K, reserved 1048576K
}
Event: 6.654 GC heap after
{Heap after GC invocations=5 (full 0):
 garbage-first heap   total 129024K, used 19238K [0x0000000082e00000, 0x0000000100000000)
  region size 1024K, 6 young (6144K), 6 survivors (6144K)
 Metaspace       used 14348K, capacity 15205K, committed 15360K, reserved 1062912K
  class space    used 1610K, capacity 1792K, committed 1792K, reserved 1048576K
}
Event: 8.451 GC heap before
{Heap before GC invocations=5 (full 0):
 garbage-first heap   total 129024K, used 89894K [0x0000000082e00000, 0x0000000100000000)
  region size 1024K, 75 young (76800K), 6 survivors (6144K)
 Metaspace       used 16238K, capacity 16944K, committed 17152K, reserved 1064960K
  class space    used 1762K, capacity 1970K, committed 2048K, reserved 1048576K
}
Event: 8.463 GC heap after
{Heap after GC invocations=6 (full 0):
 garbage-first heap   total 129024K, used 22742K [0x0000000082e00000, 0x0000000100000000)
  region size 1024K, 4 young (4096K), 4 survivors (4096K)
 Metaspace       used 16238K, capacity 16944K, committed 17152K, reserved 1064960K
  class space    used 1762K, capacity 1970K, committed 2048K, reserved 1048576K
}

